<?xml version="1.0" encoding="UTF-8"?>
<!-- Generated by org.testng.reporters.JUnitReportReporter -->
<testsuite hostname="DESKTOP-I7GH3LQ" failures="0" tests="1" name="com.navneetAutomationLab.testlayer.DeleteProductFunctionality" time="12.080" errors="0" timestamp="2023-07-17T17:40:00 IST" skipped="0">
  <testcase classname="com.navneetAutomationLab.testlayer.DeleteProductFunctionality" name="deleteProductFromCart" time="12.080"/>
  <system-out/>
</testsuite> <!-- com.navneetAutomationLab.testlayer.DeleteProductFunctionality -->
