<?xml version="1.0" encoding="UTF-8"?>
<!-- Generated by org.testng.reporters.JUnitReportReporter -->
<testsuite hostname="DESKTOP-I7GH3LQ" failures="0" tests="1" name="com.opencart.testlayer.BuyDesktopFunctionality" time="23.543" errors="0" timestamp="2023-04-20T13:10:51 IST" skipped="0">
  <testcase classname="com.opencart.testlayer.BuyDesktopFunctionality" name="BuyDesktopUsingDesktopTabLink" time="23.543"/>
  <system-out/>
</testsuite> <!-- com.opencart.testlayer.BuyDesktopFunctionality -->
