<?xml version="1.0" encoding="UTF-8"?>
<!-- Generated by org.testng.reporters.JUnitReportReporter -->
<testsuite hostname="DESKTOP-I7GH3LQ" failures="0" tests="1" name="com.opencart.testlayer.BuyDesktopUsingDesktopTab" time="12.663" errors="0" timestamp="2023-04-06T19:53:44 IST" skipped="0">
  <testcase classname="com.opencart.testlayer.BuyDesktopUsingDesktopTab" name="BuyDesktopUsingDesktopTabLink" time="12.663"/>
  <system-out/>
</testsuite> <!-- com.opencart.testlayer.BuyDesktopUsingDesktopTab -->
