<?xml version="1.0" encoding="UTF-8"?>
<!-- Generated by org.testng.reporters.JUnitReportReporter -->
<testsuite hostname="DESKTOP-I7GH3LQ" failures="0" tests="1" name="com.navneetAutomationLab.testlayer.PrintAllTheProductOnFirstPage" time="7.899" errors="0" timestamp="2023-07-17T17:56:24 IST" skipped="0">
  <testcase classname="com.navneetAutomationLab.testlayer.PrintAllTheProductOnFirstPage" name="printAllTheProductFromFristPage" time="7.899"/>
  <system-out/>
</testsuite> <!-- com.navneetAutomationLab.testlayer.PrintAllTheProductOnFirstPage -->
