<?xml version="1.0" encoding="UTF-8"?>
<!-- Generated by org.testng.reporters.JUnitReportReporter -->
<testsuite hostname="DESKTOP-I7GH3LQ" failures="0" tests="1" name="com.opencart.testlayer.BuyProductFunctionality" time="6.741" errors="0" timestamp="2023-07-17T16:49:02 IST" skipped="0">
  <testcase classname="com.opencart.testlayer.BuyProductFunctionality" name="verifyBuyProductFunctionality" time="6.741"/>
  <system-out/>
</testsuite> <!-- com.opencart.testlayer.BuyProductFunctionality -->
