<?xml version="1.0" encoding="UTF-8"?>
<!-- Generated by org.testng.reporters.JUnitReportReporter -->
<testsuite hostname="DESKTOP-I7GH3LQ" failures="0" tests="1" name="com.opencart.testlayer.LoginPageTest" time="7.130" errors="0" timestamp="2023-07-17T16:44:15 IST" skipped="0">
  <testcase classname="com.opencart.testlayer.LoginPageTest" name="validateLoggingIntoApplicationUsingValidCredentials" time="7.130"/>
  <system-out/>
</testsuite> <!-- com.opencart.testlayer.LoginPageTest -->
