<?xml version="1.0" encoding="UTF-8"?>
<!-- Generated by org.testng.reporters.JUnitReportReporter -->
<testsuite hostname="DESKTOP-I7GH3LQ" failures="0" tests="1" name="com.navneetAutomationLab.testlayer.LogOutAccount" time="9.465" errors="0" timestamp="2023-07-17T17:49:27 IST" skipped="0">
  <testcase classname="com.navneetAutomationLab.testlayer.LogOutAccount" name="logOutAccount" time="9.465"/>
  <system-out/>
</testsuite> <!-- com.navneetAutomationLab.testlayer.LogOutAccount -->
