<?xml version="1.0" encoding="UTF-8"?>
<!-- Generated by org.testng.reporters.JUnitReportReporter -->
<testsuite hostname="DESKTOP-I7GH3LQ" failures="0" tests="1" name="com.opencart.testlayer.BuyLaptopFunction" time="20.041" errors="0" timestamp="2023-04-06T20:26:09 IST" skipped="0">
  <testcase classname="com.opencart.testlayer.BuyLaptopFunction" name="BuyLaptopUsingLaptopsAndNotbookTabLink" time="20.041"/>
  <system-out/>
</testsuite> <!-- com.opencart.testlayer.BuyLaptopFunction -->
